<?xml version="1.0" encoding="UTF-8"?>
<testng-results ignored="0" total="1" passed="1" failed="0" skipped="0">
  <reporter-output>
  </reporter-output>
  <suite started-at="2023-07-24T21:17:56 ART" name="Default suite" finished-at="2023-07-24T21:17:56 ART" duration-ms="616">
    <groups>
    </groups>
    <test started-at="2023-07-24T21:17:56 ART" name="Default test" finished-at="2023-07-24T21:17:56 ART" duration-ms="616">
      <class name="pruebas.PracticaSwagLabs">
        <test-method is-config="true" signature="setUp()[pri:0, instance:pruebas.PracticaSwagLabs@5d0a1059]" started-at="2023-07-24T21:17:51 ART" name="setUp" finished-at="2023-07-24T21:17:56 ART" duration-ms="4899" status="PASS">
          <reporter-output>
          </reporter-output>
        </test-method> <!-- setUp -->
        <test-method signature="login()[pri:0, instance:pruebas.PracticaSwagLabs@5d0a1059]" started-at="2023-07-24T21:17:56 ART" name="login" finished-at="2023-07-24T21:17:56 ART" duration-ms="598" status="PASS">
          <reporter-output>
          </reporter-output>
        </test-method> <!-- login -->
        <test-method is-config="true" signature="tearDown()[pri:0, instance:pruebas.PracticaSwagLabs@5d0a1059]" started-at="2023-07-24T21:17:56 ART" name="tearDown" finished-at="2023-07-24T21:17:56 ART" duration-ms="0" status="PASS">
          <reporter-output>
          </reporter-output>
        </test-method> <!-- tearDown -->
      </class> <!-- pruebas.PracticaSwagLabs -->
    </test> <!-- Default test -->
  </suite> <!-- Default suite -->
</testng-results>
